<?xml version="1.0" encoding="UTF-8"?>
<!-- Generated by org.testng.reporters.JUnitReportReporter -->
<testsuite hostname="kavinaya" failures="0" tests="1" name="pages.Home" time="14.489" errors="0" timestamp="2023-10-06T16:07:04 IST" skipped="0">
  <testcase classname="pages.Home" name="runTicket" time="14.489"/>
  <system-out/>
</testsuite> <!-- pages.Home -->
