<?xml version="1.0" encoding="UTF-8"?>
<!-- Generated by org.testng.reporters.JUnitReportReporter -->
<testsuite hostname="kavinaya" failures="0" tests="1" name="testcas.CityTest" time="11.356" errors="0" timestamp="2023-10-11T19:57:12 IST" skipped="0">
  <testcase classname="testcas.CityTest" name="runEasyTicket" time="11.356"/>
  <system-out/>
</testsuite> <!-- testcas.CityTest -->
